Making MAXPROB web request...
Request complete.  Begin Parsing...
Parsing complete.
Making MINRANGE web request...
Request complete.  Begin Parsing...
Parsing complete.
Making TIMEIN web request...
Request complete.  Begin Parsing...
Parsing complete.
Not saving file since a file was created 0:36:11.726550 ago: socrates_20201209042013.csv.gz
Making MAXPROB web request...
Request complete.  Begin Parsing...
Parsing complete.
Making MINRANGE web request...
Request complete.  Begin Parsing...
Parsing complete.
Making TIMEIN web request...
Request complete.  Begin Parsing...
Parsing complete.
Not saving file since a file was created 0:36:20.656431 ago: socrates_20201209042013.csv.gz
2020-12-09 11:35:24.352371 UCT - Job started
Making MAXPROB web request...
Request complete.  Begin Parsing...
Parsing complete.
Making MINRANGE web request...
Request complete.  Begin Parsing...
Parsing complete.
Making TIMEIN web request...
Request complete.  Begin Parsing...
Parsing complete.
Saving of file 'socrates_20201209113524.csv.gz' complete.  Please be sure to commit new file!
2020-12-09 11:35:27.110874 UCT - Job ended
2020-12-09 22:42:30.073850 UTC - Job started
Making MAXPROB web request...
Request complete.  Begin Parsing...
Parsing complete.
Making MINRANGE web request...
Request complete.  Begin Parsing...
Parsing complete.
Making TIMEIN web request...
Request complete.  Begin Parsing...
Parsing complete.
Saving of file 'socrates_20201209224230.csv.gz' complete.  Please be sure to commit new file!
2020-12-09 22:42:32.990136 UTC - Job ended
